<?xml version="1.0" encoding="UTF-8"?>
<testsuite name="com.msd.domain.smb.GetSMBConfigurationsUseCaseTest" tests="1" skipped="0" failures="0" errors="0" timestamp="2023-09-30T15:45:52" hostname="DESKTOP-TUF9PBG" time="0.012">
  <properties/>
  <testcase name="when getting the configurations should invoke the repository" classname="com.msd.domain.smb.GetSMBConfigurationsUseCaseTest" time="0.012"/>
  <system-out><![CDATA[]]></system-out>
  <system-err><![CDATA[]]></system-err>
</testsuite>
