<?xml version='1.0' encoding='UTF-8' ?>
<testsuite name="com.msd.feature.edit.EditLoadedViewTest" tests="7" failures="0" errors="0" skipped="0" time="76.333" timestamp="2023-09-30T17:56:45" hostname="localhost">
  <properties>
    <property name="device" value="Pixel_6_Pro_33(AVD) - 13" />
    <property name="flavor" value="" />
    <property name="project" value=":feature:edit" />
  </properties>
  <testcase name="newConfigurationIsDisplayedCorrectly" classname="com.msd.feature.edit.EditLoadedViewTest" time="9.077" />
  <testcase name="clickOnSaveConfigurationWorksAsExpected" classname="com.msd.feature.edit.EditLoadedViewTest" time="15.383" />
  <testcase name="editConfigurationIsDisplayedCorrectly" classname="com.msd.feature.edit.EditLoadedViewTest" time="7.633" />
  <testcase name="clickOnEditConfigurationWorksAsExpected" classname="com.msd.feature.edit.EditLoadedViewTest" time="9.624" />
  <testcase name="editConfigurationAndPasswordVisibleIsDisplayedCorrectly" classname="com.msd.feature.edit.EditLoadedViewTest" time="6.795" />
  <testcase name="errorsAreDisplayedCorrectly" classname="com.msd.feature.edit.EditLoadedViewTest" time="8.285" />
  <testcase name="testLoadingViewIsDisplayedCorrectly" classname="com.msd.feature.edit.EditLoadingViewTest" time="3.908" />
</testsuite>