<?xml version="1.0" encoding="UTF-8"?>
<testsuite name="com.msd.feature.explorer.helper.FilesAndDirectoriesHelperTest" tests="17" skipped="0" failures="0" errors="0" timestamp="2023-09-30T17:55:14" hostname="DESKTOP-TUF9PBG" time="3.735">
  <properties/>
  <testcase name="when getting files and directories should return the expected list" classname="com.msd.feature.explorer.helper.FilesAndDirectoriesHelperTest" time="3.487"/>
  <testcase name="when getting files and directories with access error should return the exception" classname="com.msd.feature.explorer.helper.FilesAndDirectoriesHelperTest" time="0.012"/>
  <testcase name="when opening file and cancellation error should throw the error" classname="com.msd.feature.explorer.helper.FilesAndDirectoriesHelperTest" time="0.016"/>
  <testcase name="when deleting file should invoke the use case" classname="com.msd.feature.explorer.helper.FilesAndDirectoriesHelperTest" time="0.006"/>
  <testcase name="when getting files and directories with connection error should return the exception" classname="com.msd.feature.explorer.helper.FilesAndDirectoriesHelperTest" time="0.009"/>
  <testcase name="when downloading file and connection error should throw the expected exception" classname="com.msd.feature.explorer.helper.FilesAndDirectoriesHelperTest" time="0.009"/>
  <testcase name="when opening file should return the expected file" classname="com.msd.feature.explorer.helper.FilesAndDirectoriesHelperTest" time="0.13"/>
  <testcase name="when downloading file should invoke the expected use case" classname="com.msd.feature.explorer.helper.FilesAndDirectoriesHelperTest" time="0.006"/>
  <testcase name="when downloading file and access error should throw the expected exception" classname="com.msd.feature.explorer.helper.FilesAndDirectoriesHelperTest" time="0.006"/>
  <testcase name="when opening file and unknown error should throw the error" classname="com.msd.feature.explorer.helper.FilesAndDirectoriesHelperTest" time="0.008"/>
  <testcase name="when downloading file and unknown error should throw the expected exception" classname="com.msd.feature.explorer.helper.FilesAndDirectoriesHelperTest" time="0.007"/>
  <testcase name="when downloading file and cancellation error should throw the expected exception" classname="com.msd.feature.explorer.helper.FilesAndDirectoriesHelperTest" time="0.006"/>
  <testcase name="when opening file and access error should throw the error" classname="com.msd.feature.explorer.helper.FilesAndDirectoriesHelperTest" time="0.006"/>
  <testcase name="when opening file and return null should return the expected file" classname="com.msd.feature.explorer.helper.FilesAndDirectoriesHelperTest" time="0.005"/>
  <testcase name="when opening file and connection error should throw the error" classname="com.msd.feature.explorer.helper.FilesAndDirectoriesHelperTest" time="0.005"/>
  <testcase name="when getting files and directories with unknown error should return the exception" classname="com.msd.feature.explorer.helper.FilesAndDirectoriesHelperTest" time="0.006"/>
  <testcase name="when getting files and directories with cancellation error should return the exception" classname="com.msd.feature.explorer.helper.FilesAndDirectoriesHelperTest" time="0.007"/>
  <system-out><![CDATA[]]></system-out>
  <system-err><![CDATA[]]></system-err>
</testsuite>
