<?xml version="1.0" encoding="UTF-8"?>
<testsuite name="com.msd.data.explorer_data.mapper.FilesAndDirectoriesMapperTest" tests="2" skipped="0" failures="0" errors="0" timestamp="2023-09-30T15:47:00" hostname="DESKTOP-TUF9PBG" time="0.138">
  <properties/>
  <testcase name="when building files result with parent directory should return the expected data" classname="com.msd.data.explorer_data.mapper.FilesAndDirectoriesMapperTest" time="0.129"/>
  <testcase name="when building files result without parent directory should return the expected data" classname="com.msd.data.explorer_data.mapper.FilesAndDirectoriesMapperTest" time="0.008"/>
  <system-out><![CDATA[]]></system-out>
  <system-err><![CDATA[]]></system-err>
</testsuite>
