<?xml version='1.0' encoding='UTF-8' ?>
<testsuite name="com.msd.feature.main.ui.MainEmptyViewTest" tests="5" failures="0" errors="0" skipped="0" time="40.532" timestamp="2023-09-30T17:57:33" hostname="localhost">
  <properties>
    <property name="device" value="Pixel_6_Pro_33(AVD) - 13" />
    <property name="flavor" value="" />
    <property name="project" value=":feature:main" />
  </properties>
  <testcase name="testEmptyViewActionIsWorkingCorrectly" classname="com.msd.feature.main.ui.MainEmptyViewTest" time="8.785" />
  <testcase name="testEmptyViewIsDisplayedCorrectly" classname="com.msd.feature.main.ui.MainEmptyViewTest" time="4.678" />
  <testcase name="testLoadedViewIsDisplayedCorrectly" classname="com.msd.feature.main.ui.MainLoadedViewTest" time="4.797" />
  <testcase name="testDeleteDialogIsDisplayedCorrectly" classname="com.msd.feature.main.ui.MainLoadedViewTest" time="6.005" />
  <testcase name="testLoadingViewIsDisplayedCorrectly" classname="com.msd.feature.main.ui.MainLoadingViewTest" time="5.198" />
</testsuite>