<?xml version="1.0" encoding="UTF-8"?>
<testsuite name="com.msd.data.explorer_data.network.ExplorerDataSourceIntegrationTest" tests="4" skipped="0" failures="0" errors="0" timestamp="2023-09-30T15:47:00" hostname="DESKTOP-TUF9PBG" time="0.897">
  <properties/>
  <testcase name="when local file is valid should return the expected data" classname="com.msd.data.explorer_data.network.ExplorerDataSourceIntegrationTest" time="0.838"/>
  <testcase name="when local file is not valid should return the expected data" classname="com.msd.data.explorer_data.network.ExplorerDataSourceIntegrationTest" time="0.016"/>
  <testcase name="when retrieving files and directories should return the expected data" classname="com.msd.data.explorer_data.network.ExplorerDataSourceIntegrationTest" time="0.023"/>
  <testcase name="when downloading file should invoke the expected classes" classname="com.msd.data.explorer_data.network.ExplorerDataSourceIntegrationTest" time="0.02"/>
  <system-out><![CDATA[]]></system-out>
  <system-err><![CDATA[]]></system-err>
</testsuite>
