<?xml version="1.0" encoding="UTF-8"?>
<testsuite name="com.msd.domain.explorer.OpenFileUseCaseTest" tests="2" skipped="0" failures="0" errors="0" timestamp="2023-09-30T15:45:52" hostname="DESKTOP-TUF9PBG" time="0.152">
  <properties/>
  <testcase name="when opening file should return the expected file" classname="com.msd.domain.explorer.OpenFileUseCaseTest" time="0.145"/>
  <testcase name="when exception while opening file should return the expected error" classname="com.msd.domain.explorer.OpenFileUseCaseTest" time="0.007"/>
  <system-out><![CDATA[]]></system-out>
  <system-err><![CDATA[]]></system-err>
</testsuite>
