<?xml version='1.0' encoding='UTF-8' ?>
<testsuite name="com.msd.feature.explorer.ui.ExplorerErrorViewTest" tests="20" failures="0" errors="0" skipped="0" time="186.033" timestamp="2023-09-30T18:00:47" hostname="localhost">
  <properties>
    <property name="device" value="Pixel_6_Pro_33(AVD) - 13" />
    <property name="flavor" value="" />
    <property name="project" value=":feature:explorer" />
  </properties>
  <testcase name="testConnectionErrorViewIsDisplayedCorrectly" classname="com.msd.feature.explorer.ui.ExplorerErrorViewTest" time="6.652" />
  <testcase name="testAccessErrorViewIsDisplayedCorrectly" classname="com.msd.feature.explorer.ui.ExplorerErrorViewTest" time="4.582" />
  <testcase name="testUnknownErrorViewIsDisplayedCorrectly" classname="com.msd.feature.explorer.ui.ExplorerErrorViewTest" time="4.243" />
  <testcase name="testLoadedViewNonRootDirectoryIsDisplayedCorrectly" classname="com.msd.feature.explorer.ui.ExplorerLoadedViewTest" time="5.829" />
  <testcase name="testLoadedViewFileConnectionErrorIsDisplayedCorrectly" classname="com.msd.feature.explorer.ui.ExplorerLoadedViewTest" time="6.582" />
  <testcase name="testClickOnFileWorksAsExpected" classname="com.msd.feature.explorer.ui.ExplorerLoadedViewTest" time="7.422" />
  <testcase name="testClickOnDownloadFileWorksAsExpected" classname="com.msd.feature.explorer.ui.ExplorerLoadedViewTest" time="10.267" />
  <testcase name="testClickOnDirectoryWorksAsExpected" classname="com.msd.feature.explorer.ui.ExplorerLoadedViewTest" time="5.657" />
  <testcase name="testClickOnEditFileAccessErrorWorksAsExpected" classname="com.msd.feature.explorer.ui.ExplorerLoadedViewTest" time="10.152" />
  <testcase name="testLoadedViewUnknownErrorIsDisplayedCorrectly" classname="com.msd.feature.explorer.ui.ExplorerLoadedViewTest" time="7.233" />
  <testcase name="testDownloadedFileMenuIsDisplayedCorrectly" classname="com.msd.feature.explorer.ui.ExplorerLoadedViewTest" time="8.284" />
  <testcase name="testClickOnDismissDownloadProgressWorksAsExpected" classname="com.msd.feature.explorer.ui.ExplorerLoadedViewTest" time="8.915" />
  <testcase name="testClickOnParentDirectoryWorksAsExpected" classname="com.msd.feature.explorer.ui.ExplorerLoadedViewTest" time="6.42" />
  <testcase name="testLoadedViewFileAccessErrorIsDisplayedCorrectly" classname="com.msd.feature.explorer.ui.ExplorerLoadedViewTest" time="7.514" />
  <testcase name="testClickOnDismissFileAccessErrorWorksAsExpected" classname="com.msd.feature.explorer.ui.ExplorerLoadedViewTest" time="7.984" />
  <testcase name="testLoadedViewDownloadProgressIsDisplayedCorrectly" classname="com.msd.feature.explorer.ui.ExplorerLoadedViewTest" time="6.479" />
  <testcase name="testNonDownloadedFileMenuIsDisplayedCorrectly" classname="com.msd.feature.explorer.ui.ExplorerLoadedViewTest" time="7.694" />
  <testcase name="testClickOnDeleteFileWorksAsExpected" classname="com.msd.feature.explorer.ui.ExplorerLoadedViewTest" time="9.94" />
  <testcase name="testLoadedViewRootDirectoryIsDisplayedCorrectly" classname="com.msd.feature.explorer.ui.ExplorerLoadedViewTest" time="5.627" />
  <testcase name="testLoadingViewIsDisplayedCorrectly" classname="com.msd.feature.explorer.ui.ExplorerLoadingViewTest" time="6.647" />
</testsuite>