<?xml version="1.0" encoding="UTF-8"?>
<testsuite name="com.msd.feature.main.tracker.MainTrackerTest" tests="5" skipped="0" failures="0" errors="0" timestamp="2023-09-30T17:55:17" hostname="DESKTOP-TUF9PBG" time="0.046">
  <properties/>
  <testcase name="when tracking open configuration clicked should invoke the events tracker" classname="com.msd.feature.main.tracker.MainTrackerTest" time="0.036"/>
  <testcase name="when tracking add configuration clicked should invoke the events tracker" classname="com.msd.feature.main.tracker.MainTrackerTest" time="0.002"/>
  <testcase name="when tracking edit configuration clicked should invoke the events tracker" classname="com.msd.feature.main.tracker.MainTrackerTest" time="0.003"/>
  <testcase name="when tracking delete configuration should invoke the events tracker" classname="com.msd.feature.main.tracker.MainTrackerTest" time="0.002"/>
  <testcase name="when tracking delete configuration clicked should invoke the events tracker" classname="com.msd.feature.main.tracker.MainTrackerTest" time="0.002"/>
  <system-out><![CDATA[]]></system-out>
  <system-err><![CDATA[]]></system-err>
</testsuite>
