<?xml version="1.0" encoding="UTF-8"?>
<testsuite name="com.msd.data.explorer_data.network.SMBHelperTest" tests="10" skipped="0" failures="0" errors="0" timestamp="2023-09-30T15:47:01" hostname="DESKTOP-TUF9PBG" time="0.22">
  <properties/>
  <testcase name="when connecting to a remote storage should manage the connection" classname="com.msd.data.explorer_data.network.SMBHelperTest" time="0.011"/>
  <testcase name="when SMBApiException while connecting to disk share should throw the exception" classname="com.msd.data.explorer_data.network.SMBHelperTest" time="0.038"/>
  <testcase name="when null while connecting to disk share should throw the exception" classname="com.msd.data.explorer_data.network.SMBHelperTest" time="0.008"/>
  <testcase name="when listing files should return the expected result" classname="com.msd.data.explorer_data.network.SMBHelperTest" time="0.117"/>
  <testcase name="when SMBApiException access denied while connecting to disk share should throw the exception" classname="com.msd.data.explorer_data.network.SMBHelperTest" time="0.009"/>
  <testcase name="when getting file modification time should return the expected result" classname="com.msd.data.explorer_data.network.SMBHelperTest" time="0.011"/>
  <testcase name="when getting file input stream should return the expected result" classname="com.msd.data.explorer_data.network.SMBHelperTest" time="0.005"/>
  <testcase name="when CancellationException while connecting to disk share should throw the exception" classname="com.msd.data.explorer_data.network.SMBHelperTest" time="0.007"/>
  <testcase name="when generic exception while connecting to disk share should throw the exception" classname="com.msd.data.explorer_data.network.SMBHelperTest" time="0.006"/>
  <testcase name="when getting file size should return the expected result" classname="com.msd.data.explorer_data.network.SMBHelperTest" time="0.007"/>
  <system-out><![CDATA[]]></system-out>
  <system-err><![CDATA[]]></system-err>
</testsuite>
