<?xml version="1.0" encoding="UTF-8"?>
<testsuite name="com.msd.data.smb_data.SMBConfigurationRepositoryTest" tests="5" skipped="0" failures="0" errors="0" timestamp="2023-09-30T15:46:50" hostname="DESKTOP-TUF9PBG" time="2.487">
  <properties/>
  <testcase name="when getting all configurations should invoke the dao object" classname="com.msd.data.smb_data.SMBConfigurationRepositoryTest" time="2.453"/>
  <testcase name="when getting configuration should invoke the dao object" classname="com.msd.data.smb_data.SMBConfigurationRepositoryTest" time="0.012"/>
  <testcase name="when inserting configuration should invoke the dao object" classname="com.msd.data.smb_data.SMBConfigurationRepositoryTest" time="0.005"/>
  <testcase name="when getting null configuration should invoke the dao object" classname="com.msd.data.smb_data.SMBConfigurationRepositoryTest" time="0.005"/>
  <testcase name="when deleting configuration should invoke the dao object" classname="com.msd.data.smb_data.SMBConfigurationRepositoryTest" time="0.011"/>
  <system-out><![CDATA[]]></system-out>
  <system-err><![CDATA[]]></system-err>
</testsuite>
