<?xml version="1.0" encoding="UTF-8"?>
<testsuite name="com.msd.domain.smb.StoreSMBConfigurationUseCaseTest" tests="2" skipped="0" failures="0" errors="0" timestamp="2023-09-30T15:45:52" hostname="DESKTOP-TUF9PBG" time="0.066">
  <properties/>
  <testcase name="when storing a SMB configuration with null name should invoke the repository" classname="com.msd.domain.smb.StoreSMBConfigurationUseCaseTest" time="0.056"/>
  <testcase name="when storing a SMB configuration should invoke the repository" classname="com.msd.domain.smb.StoreSMBConfigurationUseCaseTest" time="0.01"/>
  <system-out><![CDATA[]]></system-out>
  <system-err><![CDATA[]]></system-err>
</testsuite>
