<?xml version="1.0" encoding="UTF-8"?>
<testsuite name="com.msd.domain.explorer.GetFilesAndDirectoriesUseCaseTest" tests="2" skipped="0" failures="0" errors="0" timestamp="2023-09-30T15:45:52" hostname="DESKTOP-TUF9PBG" time="0.222">
  <properties/>
  <testcase name="when getting files and directories should invoke the repository" classname="com.msd.domain.explorer.GetFilesAndDirectoriesUseCaseTest" time="0.14"/>
  <testcase name="when exception while getting files and directories should return the error" classname="com.msd.domain.explorer.GetFilesAndDirectoriesUseCaseTest" time="0.082"/>
  <system-out><![CDATA[]]></system-out>
  <system-err><![CDATA[]]></system-err>
</testsuite>
