<?xml version='1.0' encoding='UTF-8' ?>
<testsuite name="com.msd.data.smb_data.local.SMBConfigurationDatabaseTest" tests="1" failures="0" errors="0" skipped="0" time="0.473" timestamp="2023-09-30T17:55:09" hostname="localhost">
  <properties>
    <property name="device" value="Pixel_6_Pro_33(AVD) - 13" />
    <property name="flavor" value="" />
    <property name="project" value=":data:smb_data" />
  </properties>
  <testcase name="gettingDatabaseInstanceShouldReturnAlwaysTheSameInstance" classname="com.msd.data.smb_data.local.SMBConfigurationDatabaseTest" time="0.076" />
</testsuite>