<?xml version="1.0" encoding="UTF-8"?>
<testsuite name="com.msd.domain.smb.DeleteSMBConfigurationUseCaseTest" tests="1" skipped="0" failures="0" errors="0" timestamp="2023-09-30T15:45:48" hostname="DESKTOP-TUF9PBG" time="3.784">
  <properties/>
  <testcase name="when deleting SMB configuration should invoke the repository" classname="com.msd.domain.smb.DeleteSMBConfigurationUseCaseTest" time="3.784"/>
  <system-out><![CDATA[]]></system-out>
  <system-err><![CDATA[]]></system-err>
</testsuite>
