<?xml version="1.0" encoding="UTF-8"?>
<testsuite name="com.msd.data.explorer_data.ExplorerRepositoryTest" tests="9" skipped="0" failures="0" errors="0" timestamp="2023-09-30T15:46:58" hostname="DESKTOP-TUF9PBG" time="2.047">
  <properties/>
  <testcase name="when opening file and local file is not valid should download and return the file" classname="com.msd.data.explorer_data.ExplorerRepositoryTest" time="1.956"/>
  <testcase name="when exception while opening file should throw the exception" classname="com.msd.data.explorer_data.ExplorerRepositoryTest" time="0.051"/>
  <testcase name="when exception while retrieving files and directories should throw the exception" classname="com.msd.data.explorer_data.ExplorerRepositoryTest" time="0.005"/>
  <testcase name="when deleting file should invoke the data source" classname="com.msd.data.explorer_data.ExplorerRepositoryTest" time="0.001"/>
  <testcase name="when opening file should return the file" classname="com.msd.data.explorer_data.ExplorerRepositoryTest" time="0.006"/>
  <testcase name="when retrieving files and directories should return the expected data" classname="com.msd.data.explorer_data.ExplorerRepositoryTest" time="0.01"/>
  <testcase name="when opening null file should return null" classname="com.msd.data.explorer_data.ExplorerRepositoryTest" time="0.006"/>
  <testcase name="when exception while downloading file should invoke the data source" classname="com.msd.data.explorer_data.ExplorerRepositoryTest" time="0.005"/>
  <testcase name="when downloading file should invoke the data source" classname="com.msd.data.explorer_data.ExplorerRepositoryTest" time="0.005"/>
  <system-out><![CDATA[]]></system-out>
  <system-err><![CDATA[]]></system-err>
</testsuite>
