<?xml version="1.0" encoding="UTF-8"?>
<testsuite name="com.msd.domain.smb.GetSMBConfigurationUseCaseTest" tests="2" skipped="0" failures="0" errors="0" timestamp="2023-09-30T15:45:51" hostname="DESKTOP-TUF9PBG" time="0.243">
  <properties/>
  <testcase name="when getting SMB configuration returns null should return null" classname="com.msd.domain.smb.GetSMBConfigurationUseCaseTest" time="0.027"/>
  <testcase name="when getting SMB configuration should return the expected value" classname="com.msd.domain.smb.GetSMBConfigurationUseCaseTest" time="0.216"/>
  <system-out><![CDATA[]]></system-out>
  <system-err><![CDATA[]]></system-err>
</testsuite>
